c:\users\봉수연\downloads\20200106_mfc_test\sejongbank\debug\sejongbank.pch
c:\users\봉수연\downloads\20200106_mfc_test\sejongbank\debug\vc142.pdb
c:\users\봉수연\downloads\20200106_mfc_test\sejongbank\debug\vc142.idb
c:\users\봉수연\downloads\20200106_mfc_test\sejongbank\debug\pch.obj
c:\users\봉수연\downloads\20200106_mfc_test\sejongbank\debug\signup.obj
c:\users\봉수연\downloads\20200106_mfc_test\sejongbank\debug\sejongbankdlg.obj
c:\users\봉수연\downloads\20200106_mfc_test\sejongbank\debug\sejongbank.obj
c:\users\봉수연\downloads\20200106_mfc_test\sejongbank\debug\menu.obj
c:\users\봉수연\downloads\20200106_mfc_test\sejongbank\debug\accountview.obj
c:\users\봉수연\downloads\20200106_mfc_test\sejongbank\debug\manual.obj
c:\users\봉수연\downloads\20200106_mfc_test\sejongbank\debug\accounttransfer.obj
c:\users\봉수연\downloads\20200106_mfc_test\sejongbank\debug\depositopen.obj
c:\users\봉수연\downloads\20200106_mfc_test\sejongbank\debug\savingopen.obj
c:\users\봉수연\downloads\20200106_mfc_test\sejongbank\debug\savingclose.obj
c:\users\봉수연\downloads\20200106_mfc_test\sejongbank\debug\depositclose.obj
c:\users\봉수연\downloads\20200106_mfc_test\sejongbank\debug\sejongbank.exe
c:\users\봉수연\downloads\20200106_mfc_test\sejongbank\debug\sejongbank.ilk
c:\users\봉수연\downloads\20200106_mfc_test\sejongbank\debug\sejongbank.pdb
c:\users\봉수연\downloads\20200106_mfc_test\sejongbank\debug\sejongbank.res
c:\users\봉수연\downloads\20200106_mfc_test\sejongbank\debug\sejongbank.tlog\cl.command.1.tlog
c:\users\봉수연\downloads\20200106_mfc_test\sejongbank\debug\sejongbank.tlog\cl.read.1.tlog
c:\users\봉수연\downloads\20200106_mfc_test\sejongbank\debug\sejongbank.tlog\cl.write.1.tlog
c:\users\봉수연\downloads\20200106_mfc_test\sejongbank\debug\sejongbank.tlog\link.command.1.tlog
c:\users\봉수연\downloads\20200106_mfc_test\sejongbank\debug\sejongbank.tlog\link.read.1.tlog
c:\users\봉수연\downloads\20200106_mfc_test\sejongbank\debug\sejongbank.tlog\link.write.1.tlog
c:\users\봉수연\downloads\20200106_mfc_test\sejongbank\debug\sejongbank.tlog\rc.command.1.tlog
c:\users\봉수연\downloads\20200106_mfc_test\sejongbank\debug\sejongbank.tlog\rc.read.1.tlog
c:\users\봉수연\downloads\20200106_mfc_test\sejongbank\debug\sejongbank.tlog\rc.write.1.tlog
